<?xml version="1.0" encoding="UTF-8"?>
<!-- Generated by org.testng.reporters.JUnitReportReporter -->
<testsuite hostname="Charan" failures="0" tests="1" name="testCases.TC_02_HomeTest" time="10.656" errors="0" timestamp="2024-08-29T01:54:53 IST" skipped="0">
  <testcase classname="testCases.TC_02_HomeTest" name="testHomePage" time="10.656"/>
</testsuite> <!-- testCases.TC_02_HomeTest -->
