<?xml version="1.0" encoding="UTF-8"?>
<!-- Generated by org.testng.reporters.JUnitReportReporter -->
<testsuite hostname="Charan" failures="0" tests="10" name="testCases.TC_01_LoginTest" time="4.076" errors="0" timestamp="2024-08-29T04:04:33 IST" skipped="0">
  <testcase classname="testCases.TC_01_LoginTest" name="testLogin" time="0.418"/>
  <testcase classname="testCases.TC_01_LoginTest" name="testLogin" time="0.412"/>
  <testcase classname="testCases.TC_01_LoginTest" name="testLogin" time="0.428"/>
  <testcase classname="testCases.TC_01_LoginTest" name="testLogin" time="0.452"/>
  <testcase classname="testCases.TC_01_LoginTest" name="testLogin" time="0.386"/>
  <testcase classname="testCases.TC_01_LoginTest" name="testLogin" time="0.361"/>
  <testcase classname="testCases.TC_01_LoginTest" name="testLogin" time="0.395"/>
  <testcase classname="testCases.TC_01_LoginTest" name="testLogin" time="0.389"/>
  <testcase classname="testCases.TC_01_LoginTest" name="testLogin" time="0.455"/>
  <testcase classname="testCases.TC_01_LoginTest" name="testLogin" time="0.380"/>
</testsuite> <!-- testCases.TC_01_LoginTest -->
