<?xml version="1.0" encoding="UTF-8"?>
<!-- Generated by org.testng.reporters.JUnitReportReporter -->
<testsuite hostname="Charan" failures="0" tests="1" name="testCases.TC_01_LoginPageTest" time="6.262" errors="0" timestamp="2024-08-27T16:44:58 IST" skipped="0">
  <testcase classname="testCases.TC_01_LoginPageTest" name="testLogin" time="6.262"/>
</testsuite> <!-- testCases.TC_01_LoginPageTest -->
